<?xml version="1.0" encoding="UTF-8"?>
<!-- Generated by org.testng.reporters.JUnitXMLReporter -->
<testsuite ignored="0" hostname="EGCA1-0091" failures="0" tests="4" name="RahualAcademyWebPage" time="36.695" errors="0" timestamp="2022-03-14T16:13:00 EET">
  <testcase classname="main.Start" name="startApplication" time="23.314"/>
  <testcase classname="main.Start" name="checkRadioButtons" time="0.729"/>
  <testcase classname="main.Start" name="checkSuggestionClassNameSection" time="2.608"/>
  <testcase classname="main.Start" name="checkDropdownSection" time="0.864"/>
</testsuite> <!-- RahualAcademyWebPage -->
