<?xml version="1.0" encoding="UTF-8"?>
<!-- Generated by org.testng.reporters.JUnitXMLReporter -->
<testsuite ignored="0" hostname="EGCA1-0091" failures="0" tests="4" name="TestChrome" time="32.878" errors="0" timestamp="2022-03-10T11:27:20 EET">
  <testcase classname="main.Start" name="startApplication" time="23.942"/>
  <testcase classname="main.Start" name="checkRadioButtons" time="0.673"/>
  <testcase classname="main.Start" name="checkSuggestionClassNameSection" time="2.559"/>
  <testcase classname="main.Start" name="checkDropdownSection" time="0.828"/>
</testsuite> <!-- TestChrome -->
